C51 COMPILER V9.01   CORE                                                                  05/26/2016 07:47:57 PAGE 1   


C51 COMPILER V9.01, COMPILATION OF MODULE CORE
OBJECT MODULE PLACED IN core.OBJ
COMPILER INVOKED BY: F:\MKD\C51\BIN\C51.EXE core.c BROWSE DEBUG OBJECTEXTEND TABS(2)

line level    source

   1          #include "core.h"
   2          #include "iic.h"
   3          
   4          extern int mod;
   5          extern int leixing;
   6          code unsigned char du[] = { 0xc0,0xf9,0xa4,0xb0,0x99,0x92,0x82,0xf8,0x80,0x90,0xff};
   7          
   8          /* 延时函数 */
   9          void delay(int z)
  10          {
  11   1          int x,y;
  12   1          for(x = z ;x >0 ;x--)
  13   1            for(y = 110;y > 0;y--);
  14   1      }
  15          
  16          /* 段选 */
  17          void duan(int x)
  18          {
  19   1          P2 &= 0x0; 
  20   1          P2  = 0xe0;
  21   1          P0 |= 0xff;
  22   1          P0  = du[x];
  23   1          P2 &= 0x1f;
  24   1      }
  25          
  26          /* 位选 */
  27          void wei(int x)
  28          {
  29   1          x = 7 - x;
  30   1          P2 &= 0x0;
  31   1          P2  = 0xc0;
  32   1          P0 &= 0x0;
  33   1          P0 |= (1<<x);
  34   1          P2 &= 0x1f;
  35   1          P0 &= 0x00;
  36   1      }
  37          /* 关闭蜂鸣器 */
  38          void buzzer_off(void)
  39          {
  40   1          P2 &= 0x00;
  41   1          P2  = 0xa0;
  42   1          P0 &= 0x00;
  43   1          P2 &= 0x1f;
  44   1      }
  45          /* PCF8591初始化函数 */
  46          void pcf_8591_init(void)
  47          {
  48   1          IIC_Start();
  49   1          IIC_SendByte(0x90);
  50   1          IIC_WaitAck();
  51   1          IIC_SendByte(0x03);
  52   1          IIC_WaitAck();
  53   1          IIC_Stop();
  54   1      }
  55          /* PCF8591读取函数 */
C51 COMPILER V9.01   CORE                                                                  05/26/2016 07:47:57 PAGE 2   

  56          int pcf_8591_rd(void)
  57          {
  58   1          unsigned char ret;
  59   1          IIC_Start();
  60   1          IIC_SendByte(0x91);
  61   1          IIC_WaitAck();
  62   1          ret = IIC_RecByte();
  63   1          IIC_Ack(1);
  64   1          IIC_Stop();
  65   1          
  66   1          return (int)ret;
  67   1      }
  68          
  69          /* 定时器0初始化 */
  70          void timer0_init(void)
  71          {
  72   1          AUXR |= 0x80;
  73   1          TMOD  = 0x00;
  74   1          TH0   = T1MS>>8;
  75   1          TL0   = T1MS;
  76   1          TR0   = 1;
  77   1          ET0   = 1;
  78   1          EA    = 1;
  79   1      }
  80          
  81          /* 定时器1初始化 */
  82          void timer1_init(void)
  83          {
  84   1          AUXR |= 0X40;
  85   1          TH1 = 0;
  86   1          TL1 = 0;
  87   1          ET1 = 1;
  88   1          TR1 = 0;
  89   1      }
  90          
  91          /* 超声波启动函数 */
  92          void sound_wave(void)
  93          {
  94   1          int i;
  95   1          for(i = 0;i < 16;i++)
  96   1          {
  97   2              TX = ~TX; 
  98   2              _nop_();_nop_();_nop_();_nop_();
  99   2          }
 100   1      }
 101          
 102          /* 超声波测距程序 */
 103          float sound_dis(void)
 104          {
 105   1          int a,b;
 106   1          float len;
 107   1          sound_wave();
 108   1          //TR0 = 0;
 109   1          TR1 = 1;
 110   1          while((RX == 1)&&(TF1 == 0));
 111   1          TR1 = 0;
 112   1          if(TF1 == 1)
 113   1          {
 114   2            TF1 = 0;
 115   2            len = 999;
 116   2          }
 117   1          else
C51 COMPILER V9.01   CORE                                                                  05/26/2016 07:47:57 PAGE 3   

 118   1          {
 119   2              a   = TL1;
 120   2              b   = TH1;
 121   2              len = (b * 256 + a)*0.0172;
 122   2              TL1 = 0;
 123   2              TH1 = 0;
 124   2          }
 125   1          return len;
 126   1      }
 127          
 128          /* 数码管显示函数 
 129           * 模式1：
 130           * a:模式数
 131           * b:超声波的距离
 132           * c:没有用到
 133           * 模式2：
 134           * a:模式数
 135           * b:传送剩余时间
 136           * c:没有用到
 137           * 模式3：
 138           * a:模式数
 139           * b:货物1传送剩余时间
 140           * c:货物2传送剩余时间
 141           */
 142          void display(int a,int b,int c)
 143          {
 144   1            switch(a)
 145   1            {
 146   2                case 1:
 147   2                  /* 模式数 */
 148   2                  wei(7);
 149   2                  duan(a);
 150   2                  delay(20);
 151   2                  
 152   2                  /* 超声波测出的距离 */
 153   2                  wei(3);
 154   2                  duan(b%10);
 155   2                  delay(20);
 156   2                  wei(4);
 157   2                  duan(b/10);
 158   2                  delay(20);
 159   2                  /* 哪类货物 */
 160   2                  wei(0);
 161   2                  if(b > 30)
 162   2                  { 
 163   3                      leixing = 2;
 164   3                  }
 165   2                  else
 166   2                  {
 167   3                      leixing = 1;
 168   3                  }
 169   2                  duan(leixing);
 170   2                  delay(20);
 171   2                  break;
 172   2                case 2:
 173   2                  /* 模式数 */
 174   2                  wei(7);
 175   2                  duan(a);
 176   2                  delay(20);
 177   2                  
 178   2                  /* 传送时间 */
 179   2                  wei(1);
C51 COMPILER V9.01   CORE                                                                  05/26/2016 07:47:57 PAGE 4   

 180   2                  duan(b/10);
 181   2                  delay(20);
 182   2                  wei(0);
 183   2                  duan(b%10);
 184   2                  delay(20);
 185   2                  
 186   2                  break;
 187   2                case 3:
 188   2                  /* 模式数 */
 189   2                  wei(7);
 190   2                  duan(a);
 191   2                  delay(20);
 192   2                
 193   2                  /* 类型1货物的传送时间 */
 194   2                  wei(3);
 195   2                  duan(b%10);
 196   2                  delay(20);
 197   2                  wei(4);
 198   2                  duan(b/10);
 199   2                  delay(20);
 200   2                
 201   2                  /* 类型2货物的传送时间 */
 202   2                  wei(1);
 203   2                  duan(c/10);
 204   2                  delay(20);
 205   2                  wei(0);
 206   2                  duan(c%10);
 207   2                  delay(20);
 208   2                  
 209   2                  break;
 210   2            }
 211   1      }
 212          
 213          
 214          /* 数码管不显示函数 */
 215          void dis_off(void)
 216          {
 217   1            int j;
 218   1            for(j = 0;j < 8;j++)
 219   1            {
 220   2                wei(j);
 221   2                P2 &= 0x0; 
 222   2                P2  = 0xe0;
 223   2                P0 |= 0xff;
 224   2                P2 &= 0x1f;
 225   2                delay(20);
 226   2            }
 227   1      }
 228          
 229          /* 重量提示函数 */
 230          int weight(int i,int l3)
 231          {
 232   1          float len;
 233   1          if(i >= 192)  //超重
 234   1          {
 235   2            TR0 = 1;
 236   2            l3 = 1;
 237   2            dis_off();
 238   2          }
 239   1          if(i >= 50 && i < 192) //正常重量
 240   1          {
 241   2              TR0 = 0;
C51 COMPILER V9.01   CORE                                                                  05/26/2016 07:47:57 PAGE 5   

 242   2              l3 = 0;
 243   2              P2 &= 0x0;
 244   2              P2  = 0x80;
 245   2              P0 |= 0Xff;
 246   2              P0 &= ~(1<<1);
 247   2              P2 &= 0x1f;
 248   2              buzzer_off();
 249   2              len = sound_dis();
 250   2              display(mod,(int)(len/10),0);
 251   2              if(s4 == 0)
 252   2              {
 253   3                  delay(5);
 254   3                  if(s4 == 0)
 255   3                  {
 256   4                    mod = 2;
 257   4                    jidianqi_on();
 258   4                    TR0 = 1;
 259   4                    //TMOD = 0x40;
 260   4                  }
 261   3              }
 262   2          }
 263   1          if(i < 50)  //空载
 264   1          {
 265   2              TR0 = 0;
 266   2              l3 = 0;
 267   2              P2 &= 0x0;
 268   2              P2  = 0x80;
 269   2              P0 |= 0Xff;
 270   2              P0 &= ~(1<<0);
 271   2              P2 &= 0x1f;
 272   2              buzzer_off();
 273   2              dis_off();
 274   2          }
 275   1          return l3;
 276   1      }
 277          
 278          /* 打开继电器 */
 279          void jidianqi_on(void)
 280          {
 281   1            P2 &= 0x00;
 282   1          P2  = 0xa0;
 283   1          P0 = 0x10;
 284   1          P2 &= 0x1f;
 285   1      }
 286          
 287          /* L3闪烁报警函数 */
 288          void L3_warning(void)
 289          {
 290   1          unsigned char tmp;
 291   1          P2 &= 0x0;
 292   1          P2  = 0x80;
 293   1          P0 = 0xff;
 294   1          if(tmp == 0)
 295   1          P0  |= (1<<2);
 296   1          else
 297   1          P0 &= ~(1<<2);
 298   1          P2 &= 0x1f;
 299   1          delay(10);  
 300   1          P2 &= 0x00;
 301   1          P2  = 0xa0;
 302   1          tmp = p02;
 303   1          P0  = 0x40; 
C51 COMPILER V9.01   CORE                                                                  05/26/2016 07:47:57 PAGE 6   

 304   1        
 305   1          P2 &= 0x1f;
 306   1      }


MODULE INFORMATION:   STATIC OVERLAYABLE
   CODE SIZE        =    823    ----
   CONSTANT SIZE    =     11    ----
   XDATA SIZE       =   ----    ----
   PDATA SIZE       =   ----    ----
   DATA SIZE        =   ----      18
   IDATA SIZE       =   ----    ----
   BIT SIZE         =   ----    ----
END OF MODULE INFORMATION.


C51 COMPILATION COMPLETE.  0 WARNING(S),  0 ERROR(S)
