C51 COMPILER V9.01   MAIN                                                                  05/26/2016 07:47:56 PAGE 1   


C51 COMPILER V9.01, COMPILATION OF MODULE MAIN
OBJECT MODULE PLACED IN main.OBJ
COMPILER INVOKED BY: F:\MKD\C51\BIN\C51.EXE main.c BROWSE DEBUG OBJECTEXTEND TABS(2)

line level    source

   1          #include "stc15f2k60s2.h"
   2          #include "iic.h"
   3          #include "core.h"
   4          
   5          int l3 = 0;
   6          int t = 0,a = 0;
   7          int re,mod = 1;
   8          int leixing;
   9          int ht1 = 2,ht2 = 3; //货物类型1的时间 货物类型2的时间
  10          
  11          /* 1秒的延时 */
  12          void Delay1000ms(int ht)    //@11.0592MHz
  13          {
  14   1        unsigned char i, j, k;
  15   1      
  16   1        _nop_();
  17   1        _nop_();
  18   1        i = 43;
  19   1        j = 6;
  20   1        k = 203;
  21   1        do
  22   1        {
  23   2          display(mod,ht,0);
  24   2          do
  25   2          {
  26   3            while (--k);
  27   3          //  
  28   3          } while (--j);
  29   2            
  30   2              display(mod,ht,0);            
  31   2        } while (--i);
  32   1        display(mod,ht,0);
  33   1      }
  34          
  35          
  36          void main()
  37          {
  38   1      
  39   1          buzzer_off();
  40   1          pcf_8591_init();
  41   1          timer0_init();
  42   1          timer1_init();
  43   1          while(1)
  44   1          {
  45   2              switch(mod)
  46   2              {
  47   3                  case 1:
  48   3                        re =  pcf_8591_rd();
  49   3                        delay(20);
  50   3                        l3 = weight(re,l3);
  51   3                        break;
  52   3                  case 2:
  53   3                        TR0 = 0;
  54   3                        if(leixing == 1)
  55   3                        {
C51 COMPILER V9.01   MAIN                                                                  05/26/2016 07:47:56 PAGE 2   

  56   4                          display(mod,ht1,0);
  57   4                            Delay1000ms(ht1);
  58   4                            ht1--;
  59   4                            if(ht1 == 0)
  60   4                              mod = 1;
  61   4                          }
  62   3                        else
  63   3                        { 
  64   4                          display(mod,ht2,0);
  65   4                            Delay1000ms(ht2);
  66   4                            ht2--;
  67   4                          if(ht2 == 0)
  68   4                              mod = 1;
  69   4                        }
  70   3                      
  71   3                        
  72   3                        break;
  73   3                  case 3:
  74   3                        break;
  75   3              }
  76   2          }
  77   1      }
  78          void time0(void) interrupt 1
  79          {
  80   1          
  81   1              t++;
  82   1              a++;
  83   1              if(t == 500)//0.5s
  84   1              { 
  85   2                  t = 0;
  86   2            
  87   2                if(l3 == 1)
  88   2                  L3_warning();
  89   2              } 
  90   1              if(a == 1000)
  91   1              {
  92   2                  a = 0;
  93   2                  if(mod == 2)
  94   2                  {
  95   3                  if(leixing == 1)
  96   3                  {
  97   4                    ht1--;
  98   4                      
  99   4                        display(mod,ht1,0);
 100   4                      
 101   4                    if(ht1 == 0)
 102   4                    {
 103   5                        buzzer_off();
 104   5                        mod = 1;
 105   5                    }
 106   4                  }
 107   3                  else
 108   3                  {
 109   4                      ht2--;
 110   4                      display(mod,ht2,0);
 111   4                    if(ht2 == 0)
 112   4                    {
 113   5                        buzzer_off();
 114   5                        mod = 1;
 115   5                    }
 116   4                  }
 117   3                }
C51 COMPILER V9.01   MAIN                                                                  05/26/2016 07:47:56 PAGE 3   

 118   2              
 119   2              
 120   2              }
 121   1            
 122   1      }


MODULE INFORMATION:   STATIC OVERLAYABLE
   CODE SIZE        =    417    ----
   CONSTANT SIZE    =   ----    ----
   XDATA SIZE       =   ----    ----
   PDATA SIZE       =   ----    ----
   DATA SIZE        =     16       5
   IDATA SIZE       =   ----    ----
   BIT SIZE         =   ----    ----
END OF MODULE INFORMATION.


C51 COMPILATION COMPLETE.  0 WARNING(S),  0 ERROR(S)
