C51 COMPILER V9.01   TIMER                                                                 05/21/2016 16:28:47 PAGE 1   


C51 COMPILER V9.01, COMPILATION OF MODULE TIMER
OBJECT MODULE PLACED IN timer.OBJ
COMPILER INVOKED BY: F:\MKD\C51\BIN\C51.EXE timer.c BROWSE DEBUG OBJECTEXTEND TABS(2)

line level    source

   1          #include "stc15f2k60s2.h"
   2          
   3          #define FOSC  11059200L
   4          #define T01MS (65536 - FOSC/1000) //TIM0不分频
   5          
   6          code unsigned char du[] = { 0xc0,0xf9,0xa4,0xb0,0x99,0x92,0x82,0xf8,0x80,0x90};
   7          
   8          int i,t = 0;
   9          
  10          /* 延时函数 */
  11          void delay(int z)
  12          {
  13   1          int x,y;
  14   1          for(x = z;x > 0;x--)
  15   1            for(y = 110;y > 0;y--);
  16   1      }
  17          /* 关闭蜂鸣器 */
  18          void buzzer_off(void)
  19          {
  20   1          P2 &= 0x0;
  21   1          P2  = 0xa0;
  22   1          P0 &= 0x0;
  23   1          P2 &= 0x1f;
  24   1      }
  25          /* 段选 */
  26          void duan(int x)
  27          {
  28   1          P2 &= 0x0;
  29   1          P2  = 0xe0;
  30   1          P0  = 0xff;
  31   1          P0  = du[x];
  32   1          P2 &= 0x1f;
  33   1      }
  34          /* 位选 */
  35          void wei(int x)
  36          {
  37   1          x = 7 - x;
  38   1          P2 &= 0x0;
  39   1          P2  = 0xc0;
  40   1          P0 &= 0x0;
  41   1          P0  = 1<<x;
  42   1          P2 &= 0x1f;
  43   1      }
  44          /* 显示函数 */
  45          void display(int x)
  46          {
  47   1          int i;
  48   1          for(i = 0;i < 8;i++)
  49   1          {
  50   2              wei(i);
  51   2              duan(x%10);
  52   2              delay(20);
  53   2              x = x/10;
  54   2          }
  55   1      }
C51 COMPILER V9.01   TIMER                                                                 05/21/2016 16:28:47 PAGE 2   

  56          /* 定时器初始化 */
  57          void time0_init(void)
  58          {
  59   1          AUXR |= 0x80; //定时器0不分频
  60   1          TMOD  = 0x00; //定时器0方式0
  61   1          TL0   = T01MS;
  62   1          TH0   = T01MS>>8;
  63   1          EA    = 1;
  64   1          TR0   = 1;
  65   1          ET0   = 1;
  66   1      }
  67          void main()
  68          {
  69   1          int b;
  70   1          buzzer_off();
  71   1          time0_init();
  72   1          while(1)
  73   1          {
  74   2              display(i);
  75   2          }
  76   1      }
*** WARNING C280 IN LINE 69 OF TIMER.C: 'b': unreferenced local variable
  77          void time0(void) interrupt 1
  78          {
  79   1          t++;
  80   1          if(t == 1000)
  81   1          {
  82   2              t = 0;
  83   2              i++;
  84   2          }
  85   1      }


MODULE INFORMATION:   STATIC OVERLAYABLE
   CODE SIZE        =    245    ----
   CONSTANT SIZE    =     10    ----
   XDATA SIZE       =   ----    ----
   PDATA SIZE       =   ----    ----
   DATA SIZE        =      4       4
   IDATA SIZE       =   ----    ----
   BIT SIZE         =   ----    ----
END OF MODULE INFORMATION.


C51 COMPILATION COMPLETE.  1 WARNING(S),  0 ERROR(S)
