C51 COMPILER V9.01   DIS                                                                   05/21/2016 13:15:36 PAGE 1   


C51 COMPILER V9.01, COMPILATION OF MODULE DIS
OBJECT MODULE PLACED IN dis.OBJ
COMPILER INVOKED BY: F:\MKD\C51\BIN\C51.EXE dis.c BROWSE DEBUG OBJECTEXTEND TABS(2)

line level    source

   1          #include "stc15f2k60s2.h"
   2          
   3          code unsigned char du[] = { 0xc0,0xf9,0xa4,0xb0,0x99,0x92,0x82,0xf8,0x80,0x90};
   4          
   5          /* 延时函数 */
   6          void delay(int z)
   7          {
   8   1          int x,y;
   9   1          for(x = z ;x >0 ;x--)
  10   1            for(y = 110;y > 0;y--);
  11   1      }
  12          
  13          /* 关闭蜂鸣器 */
  14          void buzzer_off(void)
  15          {
  16   1          P2 &= 0x0;
  17   1          P2  = 0xa0;
  18   1          P0 &= 0x0;
  19   1          P2 &= 0x1f;
  20   1      } 
  21          
  22          /* 段选 */
  23          void duan(int x)
  24          {
  25   1          P2 &= 0x0; 
  26   1          P2  = 0xe0;
  27   1          P0 |= 0xff;
  28   1          P0  = du[x];
  29   1          P2 &= 0x1f;
  30   1      }
  31          
  32          /* 位选 */
  33          void wei(int x)
  34          {
  35   1          x = 7 - x;
  36   1          P2 &= 0x0;
  37   1          P2  = 0xc0;
  38   1          P0 &= 0x0;
  39   1          P0 |= (1<<x);
  40   1          P2 &= 0x1f;
  41   1          P0 &= 0x00;
  42   1      }
  43          
  44          /* 数码管显示函数 */
  45          
  46          void display(long int x)
  47          {
  48   1          int i;
  49   1          int k = 1;
  50   1          for(i = 0;i < 8;i++)
  51   1          {
  52   2              wei(i);
  53   2              duan(x%10);
  54   2              delay(20);
  55   2              x = x/10;
C51 COMPILER V9.01   DIS                                                                   05/21/2016 13:15:36 PAGE 2   

  56   2          }
  57   1      }
  58          
  59          
  60          void main()
  61          {
  62   1          buzzer_off();
  63   1          while(1)
  64   1          {
  65   2          display(12345678);
  66   2            //delay(10);
  67   2          }
  68   1      }


MODULE INFORMATION:   STATIC OVERLAYABLE
   CODE SIZE        =    227    ----
   CONSTANT SIZE    =     10    ----
   XDATA SIZE       =   ----    ----
   PDATA SIZE       =   ----    ----
   DATA SIZE        =   ----       8
   IDATA SIZE       =   ----    ----
   BIT SIZE         =   ----    ----
END OF MODULE INFORMATION.


C51 COMPILATION COMPLETE.  0 WARNING(S),  0 ERROR(S)
