C51 COMPILER V9.01   FAHRENHEIT                                                            05/22/2016 11:26:54 PAGE 1   


C51 COMPILER V9.01, COMPILATION OF MODULE FAHRENHEIT
OBJECT MODULE PLACED IN Fahrenheit.OBJ
COMPILER INVOKED BY: F:\MKD\C51\BIN\C51.EXE Fahrenheit.c BROWSE DEBUG OBJECTEXTEND TABS(2)

line level    source

   1          #include "stc15f2k60s2.h"
   2          #include "onewire.h"
   3          
   4          code unsigned char du[] = { 0xc0,0xf9,0xa4,0xb0,0x99,0x92,0x82,0xf8,0x80,0x90};
   5          float t;
   6          
   7          /* 延时函数 */
   8          void delay(int z)
   9          {
  10   1          int x,y;
  11   1          for(x = z ;x >0 ;x--)
  12   1            for(y = 110;y > 0;y--);
  13   1      }
  14          
  15          /* 关蜂鸣器 */
  16          void buzzer_off(void)
  17          {
  18   1          P2 &= 0x0;
  19   1          P2  = 0xa0;
  20   1          P0 &= 0x0;
  21   1          P2 &= 0x1f;
  22   1      } 
  23          
  24          /* 段选 */
  25          void duan(int x)
  26          {
  27   1          P2 &= 0x0; 
  28   1          P2  = 0xe0;
  29   1          P0 |= 0xff;
  30   1          P0  = du[x];
  31   1          P2 &= 0x1f;
  32   1      }
  33          
  34          /* 位选 */
  35          void wei(int x)
  36          {
  37   1          x = 7 - x;
  38   1          P2 &= 0x0;
  39   1          P2  = 0xc0;
  40   1          P0 &= 0x0;
  41   1          P0 |= (1<<x);
  42   1          P2 &= 0x1f;
  43   1          P0 &= 0x00;
  44   1      }
  45          
  46          /* 数码管显示函数 */
  47          
  48          void display(long int x)
  49          {
  50   1          int i;
  51   1          int k = 1;
  52   1          for(i = 0;i < 8;i++)
  53   1          {
  54   2              wei(i);
  55   2              duan(x%10);
C51 COMPILER V9.01   FAHRENHEIT                                                            05/22/2016 11:26:54 PAGE 2   

  56   2              delay(20);
  57   2              x = x/10;
  58   2          }
  59   1      }
  60          
  61          unsigned int ds18b20_rd(void)
  62          {
  63   1          unsigned char h,l;
  64   1          unsigned int temp;
  65   1          
  66   1          Init_DS18B20();
  67   1          Write_DS18B20(0xcc);
  68   1          Write_DS18B20(0x44);
  69   1          Delay_OneWire(200);
  70   1          
  71   1          Init_DS18B20();
  72   1          Write_DS18B20(0xcc);
  73   1          Write_DS18B20(0xbe);
  74   1          
  75   1          l = Read_DS18B20();
  76   1          h = Read_DS18B20();
  77   1        
  78   1          temp = (h<<8) | l;
  79   1          
  80   1          t = temp*0.0625;
  81   1          temp = t*10 + 0.5;
  82   1        
  83   1          return temp;
  84   1      }
  85          
  86          void main()
  87          {
  88   1          unsigned int fah;
  89   1          buzzer_off();
  90   1          while(1)
  91   1          {
  92   2              fah = ds18b20_rd();
  93   2              display(fah);
  94   2              delay(5);
  95   2          }
  96   1      }


MODULE INFORMATION:   STATIC OVERLAYABLE
   CODE SIZE        =    338    ----
   CONSTANT SIZE    =     10    ----
   XDATA SIZE       =   ----    ----
   PDATA SIZE       =   ----    ----
   DATA SIZE        =      4      11
   IDATA SIZE       =   ----    ----
   BIT SIZE         =   ----    ----
END OF MODULE INFORMATION.


C51 COMPILATION COMPLETE.  0 WARNING(S),  0 ERROR(S)
