C51 COMPILER V9.01   ONEWIRE                                                               05/22/2016 11:25:31 PAGE 1   


C51 COMPILER V9.01, COMPILATION OF MODULE ONEWIRE
OBJECT MODULE PLACED IN onewire.OBJ
COMPILER INVOKED BY: F:\MKD\C51\BIN\C51.EXE onewire.c BROWSE DEBUG OBJECTEXTEND TABS(2)

line level    source

   1          /*
   2            程序说明: 单总线驱动程序
   3            软件环境: Keil uVision 4.10 
   4            硬件环境: CT107单片机综合实训平台
   5            日    期: 2011-8-9
   6          */
   7          
   8          #include "onewire.h"
   9          
  10          //单总线延时函数
  11            void Delay_OneWire(unsigned int t)  //STC12C5260S2
  12          {
  13   1        unsigned char i;
  14   1        while(t--){
  15   2          for(i=0;i<12;i++);
  16   2        }
  17   1      }
  18          //void Delay_OneWire(unsigned int t)  //STC89C52RC
  19          //{
  20          //  while(t--);
  21          //}
  22          
  23          
  24          //DS18B20芯片初始化
  25          bit Init_DS18B20(void)
  26          {
  27   1        bit initflag = 0;
  28   1        DQ = 1;
  29   1        Delay_OneWire(12);
  30   1        DQ = 0;
  31   1        Delay_OneWire(80); 
  32   1        DQ = 1;
  33   1        Delay_OneWire(10); 
  34   1        initflag = DQ;    
  35   1        Delay_OneWire(5);
  36   1        
  37   1        return initflag;
  38   1      }
  39          
  40          //通过单总线向DS18B20写一个字节
  41          void Write_DS18B20(unsigned char dat)
  42          {
  43   1        unsigned char i;
  44   1        for(i=0;i<8;i++)
  45   1        {
  46   2          DQ = 0;
  47   2          DQ = dat&0x01;
  48   2          Delay_OneWire(5);
  49   2          DQ = 1;
  50   2          dat >>= 1;
  51   2        }
  52   1        Delay_OneWire(5);
  53   1      }
  54          
  55          //从DS18B20读取一个字节
C51 COMPILER V9.01   ONEWIRE                                                               05/22/2016 11:25:31 PAGE 2   

  56          unsigned char Read_DS18B20(void)
  57          {
  58   1        unsigned char i;
  59   1        unsigned char dat;
  60   1        
  61   1        for(i=0;i<8;i++)
  62   1        {
  63   2          DQ = 0;
  64   2          dat >>= 1;
  65   2          DQ = 1;
  66   2          if(DQ)
  67   2          {
  68   3            dat |= 0x80;
  69   3          }     
  70   2          Delay_OneWire(5);
  71   2        }
  72   1        return dat;
  73   1      }


MODULE INFORMATION:   STATIC OVERLAYABLE
   CODE SIZE        =    121    ----
   CONSTANT SIZE    =   ----    ----
   XDATA SIZE       =   ----    ----
   PDATA SIZE       =   ----    ----
   DATA SIZE        =   ----    ----
   IDATA SIZE       =   ----    ----
   BIT SIZE         =   ----       1
END OF MODULE INFORMATION.


C51 COMPILATION COMPLETE.  0 WARNING(S),  0 ERROR(S)
