C51 COMPILER V9.01   SOUND                                                                 05/21/2016 18:29:29 PAGE 1   


C51 COMPILER V9.01, COMPILATION OF MODULE SOUND
OBJECT MODULE PLACED IN sound.OBJ
COMPILER INVOKED BY: F:\MKD\C51\BIN\C51.EXE sound.c BROWSE DEBUG OBJECTEXTEND TABS(2)

line level    source

   1          #include "stc15f2k60s2.h"
   2          #include <intrins.h>
   3          
   4          sbit TX = P1^0;
   5          sbit RX = P1^1;
   6          
   7          code unsigned char du[] = { 0xc0,0xf9,0xa4,0xb0,0x99,0x92,0x82,0xf8,0x80,0x90};
   8          
   9          /* 关蜂鸣器 */
  10          void buzzer_off(void)
  11          {
  12   1          P2 &= 0x0;
  13   1          P2  = 0xa0;
  14   1          P0 &= 0x0;
  15   1          P2 &= 0x1f;
  16   1      }
  17          /* 延时函数 */
  18          void delay(int z)
  19          {
  20   1          int x,y;
  21   1          for(x = z;x > 0;x--)
  22   1            for(y = 110;y > 0;y--);
  23   1      }
  24          /* 段选 */
  25          void duan(int x)
  26          {
  27   1          P2 &= 0x0;
  28   1          P2  = 0xe0;
  29   1          P0  = 0xff;
  30   1          P0  = du[x];
  31   1          P2 &= 0x1f;
  32   1      }
  33          /* 位选 */
  34          void wei(int x)
  35          {
  36   1          x = 7 - x;
  37   1          P2 &= 0x0;
  38   1          P2  = 0xc0;
  39   1          P0  = (1<<x);
  40   1          P2 &= 0x1f;
  41   1      }
  42          /* 显示 */
  43          void display(int x)
  44          {
  45   1          int i;
  46   1          for(i = 0;i < 8;i++)
  47   1          {
  48   2              wei(i);
  49   2              duan(x%10);
  50   2              delay(10);
  51   2              x = x/10;
  52   2          }
  53   1      }
  54          /* 超声波发送函数 */
  55          void send_wave(void)
C51 COMPILER V9.01   SOUND                                                                 05/21/2016 18:29:29 PAGE 2   

  56          {
  57   1          int i;
  58   1          for(i = 0;i < 16;i++)
  59   1          {
  60   2              TX = ~TX;
  61   2              _nop_();_nop_();_nop_();_nop_();
  62   2          }
  63   1      }
  64          /* 定时器0初始化 */
  65          void time0_init(void)
  66          {
  67   1           AUXR |= 0x80;
  68   1           TMOD  = 0X00;
  69   1           TL0 = 0;
  70   1           TH0 = 0;
  71   1           TR0 = 1;
  72   1           ET0 = 1;
  73   1           EA = 1;
  74   1      }
  75          void main()
  76          { 
  77   1            float len;
  78   1            int a,b;
  79   1            buzzer_off();
  80   1            time0_init();
  81   1            while(1)
  82   1            {
  83   2                send_wave();
  84   2                TR0 = 1;
  85   2                while((RX == 1)&&(TF0 == 0));
  86   2                TR0 = 0;
  87   2                if(TF0 == 1)
  88   2                {
  89   3                    TF0 = 0;
  90   3                    len = 999;
  91   3                }
  92   2                else
  93   2                {
  94   3                    a = TL0;
  95   3                    b = TH0;
  96   3                    len = (b*256 + a) * 0.0172;
  97   3                    TH0 = 0;
  98   3                    TL0 = 0;
  99   3                }
 100   2                display((int)(len/10));
 101   2                delay(10);
 102   2            }
 103   1      }


MODULE INFORMATION:   STATIC OVERLAYABLE
   CODE SIZE        =    321    ----
   CONSTANT SIZE    =     10    ----
   XDATA SIZE       =   ----    ----
   PDATA SIZE       =   ----    ----
   DATA SIZE        =   ----       6
   IDATA SIZE       =   ----    ----
   BIT SIZE         =   ----    ----
END OF MODULE INFORMATION.


C51 COMPILATION COMPLETE.  0 WARNING(S),  0 ERROR(S)
