C51 COMPILER V9.01   EEPROM                                                                05/23/2016 13:16:26 PAGE 1   


C51 COMPILER V9.01, COMPILATION OF MODULE EEPROM
OBJECT MODULE PLACED IN EEPROM.OBJ
COMPILER INVOKED BY: F:\MKD\C51\BIN\C51.EXE EEPROM.c BROWSE DEBUG OBJECTEXTEND TABS(2)

line level    source

   1          #include "stc15f2k60s2"
*** WARNING C318 IN LINE 1 OF EEPROM.c: can't open file 'stc15f2k60s2'
   2          #include "iic.h"
   3          
   4          code unsigned char du[] = { 0xc0,0xf9,0xa4,0xb0,0x99,0x92,0x82,0xf8,0x80,0x90};
   5          
   6          /* ???? */
   7          void delay(int z)
   8          {
   9   1          int x,y;
  10   1          for(x = z ;x >0 ;x--)
  11   1            for(y = 110;y > 0;y--);
  12   1      }
  13          
  14          /* ????? */
  15          void buzzer_off(void)
  16          {
  17   1          P2 &= 0x0;
  18   1          P2  = 0xa0;
  19   1          P0 &= 0x0;
  20   1          P2 &= 0x1f;
  21   1      } 
  22          
  23          /* ?? */
  24          void duan(int x)
  25          {
  26   1          P2 &= 0x0; 
  27   1          P2  = 0xe0;
  28   1          P0 |= 0xff;
  29   1          P0  = du[x];
  30   1          P2 &= 0x1f;
  31   1      }
  32          
  33          /* ?? */
  34          void wei(int x)
  35          {
  36   1          x = 7 - x;
  37   1          P2 &= 0x0;
  38   1          P2  = 0xc0;
  39   1          P0 &= 0x0;
  40   1          P0 |= (1<<x);
  41   1          P2 &= 0x1f;
  42   1          P0 &= 0x00;
  43   1      }
  44          
  45          /* ??????? */
  46          
  47          void display(long int x)
  48          {
  49   1          int i;
  50   1          int k = 1;
  51   1          for(i = 0;i < 8;i++)
  52   1          {
  53   2              wei(i);
  54   2              duan(x%10);
C51 COMPILER V9.01   EEPROM                                                                05/23/2016 13:16:26 PAGE 2   

  55   2              delay(20);
  56   2              x = x/10;
  57   2          }
  58   1      }
  59          
  60          void at24c02_wr(unsigned char add,unsigned char val)
  61          {
  62   1          IIC_Start();
  63   1          IIC_SendByte(0xa0);
  64   1          IIC_WaitAck();
  65   1          IIC_SendByte(add);
  66   1          IIC_WaitAck();
  67   1          IIC_SendByte(val);
  68   1          IIC_WaitAck();
  69   1          IIC_Stop();
  70   1      }
  71          
  72          unsigned char at24c02_rd(unsigned char add)
  73          {
  74   1          unsigned char ret;
  75   1          IIC_Start();
  76   1          IIC_SendByte(0xa0);
  77   1          IIC_WaitAck();
  78   1          IIC_SendByte(add);
  79   1          IIC_WaitAck();
  80   1          IIC_Start();
  81   1          IIC_SendByte(0xa1);
  82   1          IIC_WaitAck();
  83   1          ret = IIC_RecByte();
  84   1          IIC_Ack(1); 
  85   1          IIC_Stop();
  86   1          return ret;
  87   1      }
  88          
  89          void main()
  90          {
  91   1          unsigned char i;
  92   1          buzzer_off();
  93   1      //  i = at24c02_rd(0x00);
  94   1        delay(100);
  95   1        //  at24c02_wr(0x00,100);
  96   1          delay(10);
  97   1            i = at24c02_rd(0x00);
  98   1          while(1)
  99   1          {
 100   2            
 101   2              delay(10);
 102   2              display(i);
 103   2          }
 104   1      }


MODULE INFORMATION:   STATIC OVERLAYABLE
   CODE SIZE        =    335    ----
   CONSTANT SIZE    =     10    ----
   XDATA SIZE       =   ----    ----
   PDATA SIZE       =   ----    ----
   DATA SIZE        =   ----      13
   IDATA SIZE       =   ----    ----
   BIT SIZE         =   ----    ----
END OF MODULE INFORMATION.


C51 COMPILATION COMPLETE.  1 WARNING(S),  0 ERROR(S)
