C51 COMPILER V9.01   KEY                                                                   05/21/2016 16:58:57 PAGE 1   


C51 COMPILER V9.01, COMPILATION OF MODULE KEY
OBJECT MODULE PLACED IN key.OBJ
COMPILER INVOKED BY: F:\MKD\C51\BIN\C51.EXE key.c BROWSE DEBUG OBJECTEXTEND TABS(2)

line level    source

   1          #include "stc15f2k60s2.h"
   2          
   3          sbit p36 = P3^6;
   4          sbit p37 = P3^7;
   5          sbit p42 = P4^2;
   6          sbit p44 = P4^4;
   7          
   8          code unsigned char du[] = { 0xc0,0xf9,0xa4,0xb0,0x99,0x92,0x82,0xf8,0x80,0x90};
   9          int i;
  10          
  11          /* 延时函数 */
  12          void delay(int z)
  13          {
  14   1          int x,y;
  15   1          for(x = z;x > 0;x--)
  16   1            for(y = 110;y > 0;y--);
  17   1      }
  18          /* 关闭蜂鸣器 */
  19          void buzzer_off(void)
  20          {
  21   1          P2 &= 0x0;
  22   1          P2  = 0xa0;
  23   1          P0 &= 0x0;
  24   1          P2 &= 0x1f;
  25   1      } 
  26          
  27          /* 段选 */
  28          void duan(int x)
  29          {
  30   1          P2 &= 0x0; 
  31   1          P2  = 0xe0;
  32   1          P0 |= 0xff;
  33   1          P0  = du[x];
  34   1          P2 &= 0x1f;
  35   1      }
  36          
  37          /* 位选 */
  38          void wei(int x)
  39          {
  40   1          x = 7 - x;
  41   1          P2 &= 0x0;
  42   1          P2  = 0xc0;
  43   1          P0 &= 0x0;
  44   1          P0 |= (1<<x);
  45   1          P2 &= 0x1f;
  46   1          P0 &= 0x00;
  47   1      }
  48          
  49          /* 显示 */
  50          void display(long int x)
  51          {
  52   1          int i;
  53   1          int k = 1;
  54   1          for(i = 0;i < 8;i++)
  55   1          {
C51 COMPILER V9.01   KEY                                                                   05/21/2016 16:58:57 PAGE 2   

  56   2              wei(i);
  57   2              duan(x%10);
  58   2              delay(20);
  59   2              x = x/10;
  60   2          }
  61   1      }
  62          
  63          /* 按键检测函数 */
  64          void key(void)
  65          {
  66   1          int a,b,c;
  67   1          
  68   1          P3 = 0x0f;
  69   1          p44 = 0;
  70   1          p42 = 0;
  71   1          if(P3 != 0x0f)
  72   1          {
  73   2              delay(5);
  74   2              if(P3 != 0x0f)
  75   2              {
  76   3                  a = P3;
  77   3              
  78   3          
  79   3          
  80   3          p44 = 1;
  81   3          p42 = 1;
  82   3          P3 = 0xf0;
  83   3          p36 = p42;
  84   3          p37 = p44;
  85   3          
  86   3          
  87   3            
  88   3          
  89   3      
  90   3                b = P3 & 0xf0;
  91   3          
  92   3          
  93   3          c = a|b;
  94   3              }
  95   2            }
  96   1          switch(c)
  97   1          {
  98   2              case 0x7e: i = 1;  break;
  99   2              case 0xbe: i = 2;  break;
 100   2              case 0xde: i = 3;  break;
 101   2              case 0xee: i = 4;  break;
 102   2              case 0x7d: i = 5;  break;
 103   2              case 0xbd: i = 6;  break;
 104   2              case 0xdd: i = 7;  break;
 105   2              case 0xed: i = 8;  break;
 106   2              case 0x7b: i = 9;  break;
 107   2              case 0xbb: i = 10; break;
 108   2              case 0xdb: i = 11; break;
 109   2              case 0xeb: i = 12; break;
 110   2              case 0x77: i = 13; break;
 111   2              case 0xb7: i = 14; break;
 112   2              case 0xd7: i = 15; break;
 113   2              case 0xe7: i = 16; break;
 114   2              default: break;
 115   2          }
 116   1      }
 117          
C51 COMPILER V9.01   KEY                                                                   05/21/2016 16:58:57 PAGE 3   

 118          void main()
 119          {
 120   1          buzzer_off();
 121   1          while(1)
 122   1          {
 123   2              key();
 124   2              display(i);
 125   2          }
 126   1      }


MODULE INFORMATION:   STATIC OVERLAYABLE
   CODE SIZE        =    463    ----
   CONSTANT SIZE    =     10    ----
   XDATA SIZE       =   ----    ----
   PDATA SIZE       =   ----    ----
   DATA SIZE        =      2      10
   IDATA SIZE       =   ----    ----
   BIT SIZE         =   ----    ----
END OF MODULE INFORMATION.


C51 COMPILATION COMPLETE.  0 WARNING(S),  0 ERROR(S)
