C51 COMPILER V9.01   UART                                                                  05/21/2016 20:24:14 PAGE 1   


C51 COMPILER V9.01, COMPILATION OF MODULE UART
OBJECT MODULE PLACED IN uart.OBJ
COMPILER INVOKED BY: F:\MKD\C51\BIN\C51.EXE uart.c BROWSE DEBUG OBJECTEXTEND TABS(2)

line level    source

   1          #include "stc15f2k60s2.h"
   2          #include <stdio.h>
   3                        
   4          #define FOSC  11059200
   5          #define BUAD  115200
   6          
   7          /* 延时函数 */
   8          void delay(int z)
   9          {
  10   1          int x,y;
  11   1          for(x = z;x > 0;x--)
  12   1            for(y = 110;y > 0;y--);
  13   1      }
  14          
  15          /* 关闭蜂鸣器 */
  16          void buzzer_off(void)
  17          {
  18   1          P2 &= 0x0;
  19   1          P2  = 0xa0;
  20   1          P0 &= 0x0;
  21   1          P2 &= 0x1f;
  22   1      }
  23          
  24          /* 串口初始化函数 */
  25          void uart_init(void)
  26          {
  27   1          SCON = 0x50;
  28   1          AUXR = 0x40;
  29   1          TMOD = 0x00;
  30   1          TL1  = (65536 - (FOSC/4/BUAD));
  31   1          TH1  = (65536 - (FOSC/4/BUAD))>>8;
  32   1          EA   = 1;
  33   1          ES   = 1;
  34   1          TR1  = 1;
  35   1          TI   = 1;
  36   1          //REN  = 1;
  37   1      }
  38          
  39          void main()
  40          {
  41   1          buzzer_off();
  42   1          uart_init();
  43   1          while(1)
  44   1          {
  45   2              printf("abc\n");
  46   2              delay(10);
  47   2          }
  48   1      }
  49          /*
  50          void uart(void) interrupt 4 using 1
  51          {
  52              if(RI)
  53              {
  54                RI = 0;
  55                P0 = SBUF;
C51 COMPILER V9.01   UART                                                                  05/21/2016 20:24:14 PAGE 2   

  56              }
  57              if(TI)
  58              {
  59                TI = 0;
  60                //busy = 0;
  61              }
  62          }
  63          */


MODULE INFORMATION:   STATIC OVERLAYABLE
   CODE SIZE        =     93    ----
   CONSTANT SIZE    =      5    ----
   XDATA SIZE       =   ----    ----
   PDATA SIZE       =   ----    ----
   DATA SIZE        =   ----    ----
   IDATA SIZE       =   ----    ----
   BIT SIZE         =   ----    ----
END OF MODULE INFORMATION.


C51 COMPILATION COMPLETE.  0 WARNING(S),  0 ERROR(S)
